{"C:\\Users\\hp\\Documents\\To-Do-list\\src\\js\\taskStatus.js": {"path":"C:\\Users\\hp\\Documents\\To-Do-list\\src\\js\\taskStatus.js","statementMap":{"0":{"start":{"line":1,"column":0},"end":{"line":13,"column":2}},"1":{"start":{"line":3,"column":4},"end":{"line":3,"column":27}},"2":{"start":{"line":6,"column":12},"end":{"line":8,"column":3}},"3":{"start":{"line":7,"column":4},"end":{"line":7,"column":26}},"4":{"start":{"line":10,"column":14},"end":{"line":12,"column":3}},"5":{"start":{"line":11,"column":4},"end":{"line":11,"column":27}}},"fnMap":{"0":{"name":"(anonymous_0)","decl":{"start":{"line":2,"column":2},"end":{"line":2,"column":3}},"loc":{"start":{"line":2,"column":16},"end":{"line":4,"column":3}},"line":2},"1":{"name":"(anonymous_1)","decl":{"start":{"line":6,"column":12},"end":{"line":6,"column":13}},"loc":{"start":{"line":6,"column":22},"end":{"line":8,"column":3}},"line":6},"2":{"name":"(anonymous_2)","decl":{"start":{"line":10,"column":14},"end":{"line":10,"column":15}},"loc":{"start":{"line":10,"column":24},"end":{"line":12,"column":3}},"line":10}},"branchMap":{},"s":{"0":1,"1":0,"2":0,"3":0,"4":0,"5":0},"f":{"0":0,"1":0,"2":0},"b":{},"_coverageSchema":"1a1c01bbd47fc00a2c39e90264f33305004495a9","hash":"e0bea1004bc90b37c76f105a8f8f4842b71559fc"}
,"C:\\Users\\hp\\Documents\\To-Do-list\\src\\js\\tasks-function.js": {"path":"C:\\Users\\hp\\Documents\\To-Do-list\\src\\js\\tasks-function.js","statementMap":{"0":{"start":{"line":6,"column":4},"end":{"line":6,"column":23}},"1":{"start":{"line":9,"column":16},"end":{"line":77,"column":3}},"2":{"start":{"line":10,"column":21},"end":{"line":10,"column":57}},"3":{"start":{"line":11,"column":4},"end":{"line":13,"column":5}},"4":{"start":{"line":12,"column":6},"end":{"line":12,"column":30}},"5":{"start":{"line":14,"column":4},"end":{"line":76,"column":7}},"6":{"start":{"line":15,"column":17},"end":{"line":15,"column":19}},"7":{"start":{"line":16,"column":6},"end":{"line":16,"column":52}},"8":{"start":{"line":17,"column":6},"end":{"line":17,"column":52}},"9":{"start":{"line":18,"column":6},"end":{"line":18,"column":43}},"10":{"start":{"line":19,"column":20},"end":{"line":19,"column":22}},"11":{"start":{"line":20,"column":6},"end":{"line":20,"column":58}},"12":{"start":{"line":21,"column":6},"end":{"line":21,"column":55}},"13":{"start":{"line":22,"column":6},"end":{"line":22,"column":47}},"14":{"start":{"line":23,"column":6},"end":{"line":23,"column":55}},"15":{"start":{"line":24,"column":6},"end":{"line":24,"column":47}},"16":{"start":{"line":25,"column":23},"end":{"line":25,"column":25}},"17":{"start":{"line":26,"column":6},"end":{"line":26,"column":61}},"18":{"start":{"line":27,"column":6},"end":{"line":27,"column":60}},"19":{"start":{"line":28,"column":6},"end":{"line":28,"column":58}},"20":{"start":{"line":29,"column":6},"end":{"line":29,"column":53}},"21":{"start":{"line":30,"column":22},"end":{"line":30,"column":24}},"22":{"start":{"line":31,"column":6},"end":{"line":31,"column":61}},"23":{"start":{"line":32,"column":6},"end":{"line":32,"column":57}},"24":{"start":{"line":33,"column":6},"end":{"line":33,"column":95}},"25":{"start":{"line":35,"column":6},"end":{"line":39,"column":8}},"26":{"start":{"line":40,"column":6},"end":{"line":40,"column":38}},"27":{"start":{"line":41,"column":6},"end":{"line":43,"column":9}},"28":{"start":{"line":42,"column":8},"end":{"line":42,"column":59}},"29":{"start":{"line":44,"column":6},"end":{"line":52,"column":9}},"30":{"start":{"line":45,"column":8},"end":{"line":45,"column":81}},"31":{"start":{"line":46,"column":8},"end":{"line":46,"column":54}},"32":{"start":{"line":48,"column":8},"end":{"line":51,"column":11}},"33":{"start":{"line":49,"column":10},"end":{"line":49,"column":34}},"34":{"start":{"line":50,"column":10},"end":{"line":50,"column":38}},"35":{"start":{"line":53,"column":6},"end":{"line":55,"column":9}},"36":{"start":{"line":54,"column":8},"end":{"line":54,"column":57}},"37":{"start":{"line":56,"column":6},"end":{"line":67,"column":9}},"38":{"start":{"line":57,"column":23},"end":{"line":57,"column":39}},"39":{"start":{"line":58,"column":8},"end":{"line":62,"column":9}},"40":{"start":{"line":59,"column":10},"end":{"line":59,"column":52}},"41":{"start":{"line":61,"column":10},"end":{"line":61,"column":54}},"42":{"start":{"line":63,"column":8},"end":{"line":66,"column":10}},"43":{"start":{"line":68,"column":6},"end":{"line":75,"column":7}},"44":{"start":{"line":69,"column":8},"end":{"line":69,"column":64}},"45":{"start":{"line":70,"column":8},"end":{"line":70,"column":48}},"46":{"start":{"line":71,"column":8},"end":{"line":71,"column":64}},"47":{"start":{"line":72,"column":13},"end":{"line":75,"column":7}},"48":{"start":{"line":73,"column":8},"end":{"line":73,"column":56}},"49":{"start":{"line":74,"column":8},"end":{"line":74,"column":56}},"50":{"start":{"line":79,"column":12},"end":{"line":86,"column":3}},"51":{"start":{"line":80,"column":4},"end":{"line":80,"column":33}},"52":{"start":{"line":81,"column":20},"end":{"line":81,"column":60}},"53":{"start":{"line":82,"column":4},"end":{"line":82,"column":32}},"54":{"start":{"line":83,"column":4},"end":{"line":85,"column":5}},"55":{"start":{"line":84,"column":6},"end":{"line":84,"column":72}},"56":{"start":{"line":88,"column":15},"end":{"line":102,"column":3}},"57":{"start":{"line":89,"column":16},"end":{"line":89,"column":20}},"58":{"start":{"line":90,"column":4},"end":{"line":94,"column":5}},"59":{"start":{"line":91,"column":6},"end":{"line":91,"column":25}},"60":{"start":{"line":93,"column":6},"end":{"line":93,"column":35}},"61":{"start":{"line":95,"column":4},"end":{"line":97,"column":7}},"62":{"start":{"line":96,"column":6},"end":{"line":96,"column":29}},"63":{"start":{"line":98,"column":4},"end":{"line":101,"column":5}},"64":{"start":{"line":99,"column":6},"end":{"line":99,"column":72}},"65":{"start":{"line":100,"column":6},"end":{"line":100,"column":25}},"66":{"start":{"line":105,"column":4},"end":{"line":107,"column":5}},"67":{"start":{"line":106,"column":6},"end":{"line":106,"column":52}},"68":{"start":{"line":108,"column":4},"end":{"line":110,"column":7}},"69":{"start":{"line":109,"column":6},"end":{"line":109,"column":25}},"70":{"start":{"line":111,"column":4},"end":{"line":114,"column":5}},"71":{"start":{"line":112,"column":6},"end":{"line":112,"column":72}},"72":{"start":{"line":113,"column":6},"end":{"line":113,"column":25}},"73":{"start":{"line":117,"column":24},"end":{"line":126,"column":3}},"74":{"start":{"line":118,"column":4},"end":{"line":118,"column":77}},"75":{"start":{"line":118,"column":51},"end":{"line":118,"column":75}},"76":{"start":{"line":119,"column":4},"end":{"line":121,"column":7}},"77":{"start":{"line":120,"column":6},"end":{"line":120,"column":22}},"78":{"start":{"line":122,"column":4},"end":{"line":125,"column":5}},"79":{"start":{"line":123,"column":6},"end":{"line":123,"column":72}},"80":{"start":{"line":124,"column":6},"end":{"line":124,"column":35}}},"fnMap":{"0":{"name":"(anonymous_0)","decl":{"start":{"line":5,"column":2},"end":{"line":5,"column":3}},"loc":{"start":{"line":5,"column":16},"end":{"line":7,"column":3}},"line":5},"1":{"name":"(anonymous_1)","decl":{"start":{"line":9,"column":16},"end":{"line":9,"column":17}},"loc":{"start":{"line":9,"column":22},"end":{"line":77,"column":3}},"line":9},"2":{"name":"(anonymous_2)","decl":{"start":{"line":14,"column":26},"end":{"line":14,"column":27}},"loc":{"start":{"line":14,"column":36},"end":{"line":76,"column":5}},"line":14},"3":{"name":"(anonymous_3)","decl":{"start":{"line":41,"column":47},"end":{"line":41,"column":48}},"loc":{"start":{"line":41,"column":53},"end":{"line":43,"column":7}},"line":41},"4":{"name":"(anonymous_4)","decl":{"start":{"line":44,"column":50},"end":{"line":44,"column":51}},"loc":{"start":{"line":44,"column":57},"end":{"line":52,"column":7}},"line":44},"5":{"name":"(anonymous_5)","decl":{"start":{"line":48,"column":55},"end":{"line":48,"column":56}},"loc":{"start":{"line":48,"column":61},"end":{"line":51,"column":9}},"line":48},"6":{"name":"(anonymous_6)","decl":{"start":{"line":53,"column":52},"end":{"line":53,"column":53}},"loc":{"start":{"line":53,"column":59},"end":{"line":55,"column":7}},"line":53},"7":{"name":"(anonymous_7)","decl":{"start":{"line":56,"column":54},"end":{"line":56,"column":55}},"loc":{"start":{"line":56,"column":61},"end":{"line":67,"column":7}},"line":56},"8":{"name":"(anonymous_8)","decl":{"start":{"line":79,"column":12},"end":{"line":79,"column":13}},"loc":{"start":{"line":79,"column":47},"end":{"line":86,"column":3}},"line":79},"9":{"name":"(anonymous_9)","decl":{"start":{"line":88,"column":15},"end":{"line":88,"column":16}},"loc":{"start":{"line":88,"column":25},"end":{"line":102,"column":3}},"line":88},"10":{"name":"(anonymous_10)","decl":{"start":{"line":95,"column":26},"end":{"line":95,"column":27}},"loc":{"start":{"line":95,"column":43},"end":{"line":97,"column":5}},"line":95},"11":{"name":"(anonymous_11)","decl":{"start":{"line":104,"column":2},"end":{"line":104,"column":3}},"loc":{"start":{"line":104,"column":32},"end":{"line":115,"column":3}},"line":104},"12":{"name":"(anonymous_12)","decl":{"start":{"line":108,"column":26},"end":{"line":108,"column":27}},"loc":{"start":{"line":108,"column":43},"end":{"line":110,"column":5}},"line":108},"13":{"name":"(anonymous_13)","decl":{"start":{"line":117,"column":24},"end":{"line":117,"column":25}},"loc":{"start":{"line":117,"column":30},"end":{"line":126,"column":3}},"line":117},"14":{"name":"(anonymous_14)","decl":{"start":{"line":118,"column":41},"end":{"line":118,"column":42}},"loc":{"start":{"line":118,"column":51},"end":{"line":118,"column":75}},"line":118},"15":{"name":"(anonymous_15)","decl":{"start":{"line":119,"column":26},"end":{"line":119,"column":27}},"loc":{"start":{"line":119,"column":40},"end":{"line":121,"column":5}},"line":119}},"branchMap":{"0":{"loc":{"start":{"line":11,"column":4},"end":{"line":13,"column":5}},"type":"if","locations":[{"start":{"line":11,"column":4},"end":{"line":13,"column":5}},{"start":{},"end":{}}],"line":11},"1":{"loc":{"start":{"line":58,"column":8},"end":{"line":62,"column":9}},"type":"if","locations":[{"start":{"line":58,"column":8},"end":{"line":62,"column":9}},{"start":{"line":60,"column":15},"end":{"line":62,"column":9}}],"line":58},"2":{"loc":{"start":{"line":68,"column":6},"end":{"line":75,"column":7}},"type":"if","locations":[{"start":{"line":68,"column":6},"end":{"line":75,"column":7}},{"start":{"line":72,"column":13},"end":{"line":75,"column":7}}],"line":68},"3":{"loc":{"start":{"line":68,"column":10},"end":{"line":68,"column":83}},"type":"binary-expr","locations":[{"start":{"line":68,"column":10},"end":{"line":68,"column":35}},{"start":{"line":68,"column":39},"end":{"line":68,"column":83}}],"line":68},"4":{"loc":{"start":{"line":72,"column":13},"end":{"line":75,"column":7}},"type":"if","locations":[{"start":{"line":72,"column":13},"end":{"line":75,"column":7}},{"start":{},"end":{}}],"line":72},"5":{"loc":{"start":{"line":72,"column":17},"end":{"line":72,"column":91}},"type":"binary-expr","locations":[{"start":{"line":72,"column":17},"end":{"line":72,"column":42}},{"start":{"line":72,"column":46},"end":{"line":72,"column":91}}],"line":72},"6":{"loc":{"start":{"line":83,"column":4},"end":{"line":85,"column":5}},"type":"if","locations":[{"start":{"line":83,"column":4},"end":{"line":85,"column":5}},{"start":{},"end":{}}],"line":83},"7":{"loc":{"start":{"line":90,"column":4},"end":{"line":94,"column":5}},"type":"if","locations":[{"start":{"line":90,"column":4},"end":{"line":94,"column":5}},{"start":{"line":92,"column":11},"end":{"line":94,"column":5}}],"line":90},"8":{"loc":{"start":{"line":98,"column":4},"end":{"line":101,"column":5}},"type":"if","locations":[{"start":{"line":98,"column":4},"end":{"line":101,"column":5}},{"start":{},"end":{}}],"line":98},"9":{"loc":{"start":{"line":105,"column":4},"end":{"line":107,"column":5}},"type":"if","locations":[{"start":{"line":105,"column":4},"end":{"line":107,"column":5}},{"start":{},"end":{}}],"line":105},"10":{"loc":{"start":{"line":111,"column":4},"end":{"line":114,"column":5}},"type":"if","locations":[{"start":{"line":111,"column":4},"end":{"line":114,"column":5}},{"start":{},"end":{}}],"line":111},"11":{"loc":{"start":{"line":122,"column":4},"end":{"line":125,"column":5}},"type":"if","locations":[{"start":{"line":122,"column":4},"end":{"line":125,"column":5}},{"start":{},"end":{}}],"line":122}},"s":{"0":6,"1":6,"2":2,"3":2,"4":2,"5":2,"6":2,"7":2,"8":2,"9":2,"10":2,"11":2,"12":2,"13":2,"14":2,"15":2,"16":2,"17":2,"18":2,"19":2,"20":2,"21":2,"22":2,"23":2,"24":2,"25":2,"26":2,"27":2,"28":0,"29":2,"30":0,"31":0,"32":0,"33":0,"34":0,"35":2,"36":0,"37":2,"38":0,"39":0,"40":0,"41":0,"42":0,"43":2,"44":0,"45":0,"46":0,"47":2,"48":1,"49":1,"50":6,"51":12,"52":12,"53":12,"54":12,"55":12,"56":6,"57":2,"58":2,"59":1,"60":1,"61":2,"62":2,"63":2,"64":2,"65":2,"66":0,"67":0,"68":0,"69":0,"70":0,"71":0,"72":0,"73":6,"74":0,"75":0,"76":0,"77":0,"78":0,"79":0,"80":0},"f":{"0":6,"1":2,"2":2,"3":0,"4":0,"5":0,"6":0,"7":0,"8":12,"9":2,"10":2,"11":0,"12":0,"13":0,"14":0,"15":0},"b":{"0":[2,0],"1":[0,0],"2":[0,2],"3":[2,1],"4":[1,1],"5":[2,1],"6":[12,0],"7":[1,1],"8":[2,0],"9":[0,0],"10":[0,0],"11":[0,0]},"_coverageSchema":"1a1c01bbd47fc00a2c39e90264f33305004495a9","hash":"a8b2e1513ca3124ee31466a87e97b26517f86ad6"}
,"C:\\Users\\hp\\Documents\\To-Do-list\\src\\js\\tasks.js": {"path":"C:\\Users\\hp\\Documents\\To-Do-list\\src\\js\\tasks.js","statementMap":{"0":{"start":{"line":3,"column":4},"end":{"line":3,"column":37}},"1":{"start":{"line":4,"column":4},"end":{"line":4,"column":33}},"2":{"start":{"line":5,"column":4},"end":{"line":5,"column":25}}},"fnMap":{"0":{"name":"(anonymous_0)","decl":{"start":{"line":2,"column":2},"end":{"line":2,"column":3}},"loc":{"start":{"line":2,"column":53},"end":{"line":6,"column":3}},"line":2}},"branchMap":{"0":{"loc":{"start":{"line":2,"column":27},"end":{"line":2,"column":44}},"type":"default-arg","locations":[{"start":{"line":2,"column":39},"end":{"line":2,"column":44}}],"line":2}},"s":{"0":12,"1":12,"2":12},"f":{"0":12},"b":{"0":[0]},"_coverageSchema":"1a1c01bbd47fc00a2c39e90264f33305004495a9","hash":"a4edb93f40fb1d88b2684f75660373ffaee535a3"}
}
