TN:
SF:src\js\taskStatus.js
FN:2,(anonymous_0)
FN:6,(anonymous_1)
FN:10,(anonymous_2)
FNF:3
FNH:0
FNDA:0,(anonymous_0)
FNDA:0,(anonymous_1)
FNDA:0,(anonymous_2)
DA:1,1
DA:3,0
DA:6,0
DA:7,0
DA:10,0
DA:11,0
LF:6
LH:1
BRF:0
BRH:0
end_of_record
TN:
SF:src\js\tasks-function.js
FN:5,(anonymous_0)
FN:9,(anonymous_1)
FN:14,(anonymous_2)
FN:41,(anonymous_3)
FN:44,(anonymous_4)
FN:48,(anonymous_5)
FN:53,(anonymous_6)
FN:56,(anonymous_7)
FN:79,(anonymous_8)
FN:88,(anonymous_9)
FN:95,(anonymous_10)
FN:104,(anonymous_11)
FN:108,(anonymous_12)
FN:117,(anonymous_13)
FN:118,(anonymous_14)
FN:119,(anonymous_15)
FNF:16
FNH:6
FNDA:6,(anonymous_0)
FNDA:2,(anonymous_1)
FNDA:2,(anonymous_2)
FNDA:0,(anonymous_3)
FNDA:0,(anonymous_4)
FNDA:0,(anonymous_5)
FNDA:0,(anonymous_6)
FNDA:0,(anonymous_7)
FNDA:12,(anonymous_8)
FNDA:2,(anonymous_9)
FNDA:2,(anonymous_10)
FNDA:0,(anonymous_11)
FNDA:0,(anonymous_12)
FNDA:0,(anonymous_13)
FNDA:0,(anonymous_14)
FNDA:0,(anonymous_15)
DA:6,6
DA:9,6
DA:10,2
DA:11,2
DA:12,2
DA:14,2
DA:15,2
DA:16,2
DA:17,2
DA:18,2
DA:19,2
DA:20,2
DA:21,2
DA:22,2
DA:23,2
DA:24,2
DA:25,2
DA:26,2
DA:27,2
DA:28,2
DA:29,2
DA:30,2
DA:31,2
DA:32,2
DA:33,2
DA:35,2
DA:40,2
DA:41,2
DA:42,0
DA:44,2
DA:45,0
DA:46,0
DA:48,0
DA:49,0
DA:50,0
DA:53,2
DA:54,0
DA:56,2
DA:57,0
DA:58,0
DA:59,0
DA:61,0
DA:63,0
DA:68,2
DA:69,0
DA:70,0
DA:71,0
DA:72,2
DA:73,1
DA:74,1
DA:79,6
DA:80,12
DA:81,12
DA:82,12
DA:83,12
DA:84,12
DA:88,6
DA:89,2
DA:90,2
DA:91,1
DA:93,1
DA:95,2
DA:96,2
DA:98,2
DA:99,2
DA:100,2
DA:105,0
DA:106,0
DA:108,0
DA:109,0
DA:111,0
DA:112,0
DA:113,0
DA:117,6
DA:118,0
DA:119,0
DA:120,0
DA:122,0
DA:123,0
DA:124,0
LF:80
LH:52
BRDA:11,0,0,2
BRDA:11,0,1,0
BRDA:58,1,0,0
BRDA:58,1,1,0
BRDA:68,2,0,0
BRDA:68,2,1,2
BRDA:68,3,0,2
BRDA:68,3,1,1
BRDA:72,4,0,1
BRDA:72,4,1,1
BRDA:72,5,0,2
BRDA:72,5,1,1
BRDA:83,6,0,12
BRDA:83,6,1,0
BRDA:90,7,0,1
BRDA:90,7,1,1
BRDA:98,8,0,2
BRDA:98,8,1,0
BRDA:105,9,0,0
BRDA:105,9,1,0
BRDA:111,10,0,0
BRDA:111,10,1,0
BRDA:122,11,0,0
BRDA:122,11,1,0
BRF:24
BRH:12
end_of_record
TN:
SF:src\js\tasks.js
FN:2,(anonymous_0)
FNF:1
FNH:1
FNDA:12,(anonymous_0)
DA:3,12
DA:4,12
DA:5,12
LF:3
LH:3
BRDA:2,0,0,0
BRF:1
BRH:0
end_of_record
